2021-11-27 18:57:51 [INFO ] com.example.demo.DemoApplication - Starting DemoApplication on DESKTOP-B298Q2F with PID 12376 (C:\demo\target\classes started by SUN in C:\demo)
2021-11-27 18:57:51 [INFO ] com.example.demo.DemoApplication - No active profile set, falling back to default profiles: default
2021-11-27 18:57:52 [INFO ] o.s.b.w.e.tomcat.TomcatWebServer - Tomcat initialized with port(s): 8090 (http)
2021-11-27 18:57:52 [INFO ] o.a.coyote.http11.Http11NioProtocol - Initializing ProtocolHandler ["http-nio-8090"]
2021-11-27 18:57:52 [INFO ] o.a.catalina.core.StandardService - Starting service [Tomcat]
2021-11-27 18:57:52 [INFO ] o.a.catalina.core.StandardEngine - Starting Servlet engine: [Apache Tomcat/9.0.17]
2021-11-27 18:57:52 [INFO ] o.a.c.c.C.[Tomcat].[localhost].[/] - Initializing Spring embedded WebApplicationContext
2021-11-27 18:57:52 [INFO ] o.s.web.context.ContextLoader - Root WebApplicationContext: initialization completed in 775 ms
2021-11-27 18:57:52 [INFO ] o.s.s.c.ThreadPoolTaskExecutor - Initializing ExecutorService 'applicationTaskExecutor'
2021-11-27 18:57:52 [INFO ] o.a.coyote.http11.Http11NioProtocol - Starting ProtocolHandler ["http-nio-8090"]
2021-11-27 18:57:52 [INFO ] o.s.b.w.e.tomcat.TomcatWebServer - Tomcat started on port(s): 8090 (http) with context path ''
2021-11-27 18:57:52 [INFO ] com.example.demo.DemoApplication - Started DemoApplication in 1.403 seconds (JVM running for 2.007)
2021-11-27 19:01:43 [INFO ] o.a.c.c.C.[Tomcat].[localhost].[/] - Initializing Spring DispatcherServlet 'dispatcherServlet'
2021-11-27 19:01:43 [INFO ] o.s.web.servlet.DispatcherServlet - Initializing Servlet 'dispatcherServlet'
2021-11-27 19:01:43 [INFO ] o.s.web.servlet.DispatcherServlet - Completed initialization in 14 ms
2021-11-27 19:01:43 [INFO ] com.example.demo.TextController - LOG TEST
2021-11-27 19:01:43 [WARN ] com.example.demo.TextController - LOG TEST
2021-11-27 19:01:43 [ERROR] com.example.demo.TextController - LOG TEST
2021-11-27 19:42:16 [INFO ] o.s.s.c.ThreadPoolTaskExecutor - Shutting down ExecutorService 'applicationTaskExecutor'
2021-11-27 19:42:20 [INFO ] com.example.demo.DemoApplication - Starting DemoApplication on DESKTOP-B298Q2F with PID 10512 (C:\demo\target\classes started by SUN in C:\demo)
2021-11-27 19:42:20 [INFO ] com.example.demo.DemoApplication - No active profile set, falling back to default profiles: default
2021-11-27 19:42:20 [INFO ] o.s.b.w.e.tomcat.TomcatWebServer - Tomcat initialized with port(s): 8090 (http)
2021-11-27 19:42:20 [INFO ] o.a.coyote.http11.Http11NioProtocol - Initializing ProtocolHandler ["http-nio-8090"]
2021-11-27 19:42:20 [INFO ] o.a.catalina.core.StandardService - Starting service [Tomcat]
2021-11-27 19:42:20 [INFO ] o.a.catalina.core.StandardEngine - Starting Servlet engine: [Apache Tomcat/9.0.17]
2021-11-27 19:42:21 [INFO ] o.a.c.c.C.[Tomcat].[localhost].[/] - Initializing Spring embedded WebApplicationContext
2021-11-27 19:42:21 [INFO ] o.s.web.context.ContextLoader - Root WebApplicationContext: initialization completed in 733 ms
2021-11-27 19:42:21 [INFO ] o.s.s.c.ThreadPoolTaskExecutor - Initializing ExecutorService 'applicationTaskExecutor'
2021-11-27 19:42:21 [INFO ] o.a.coyote.http11.Http11NioProtocol - Starting ProtocolHandler ["http-nio-8090"]
2021-11-27 19:42:21 [INFO ] o.s.b.w.e.tomcat.TomcatWebServer - Tomcat started on port(s): 8090 (http) with context path ''
2021-11-27 19:42:21 [INFO ] com.example.demo.DemoApplication - Started DemoApplication in 1.307 seconds (JVM running for 1.802)
2021-11-27 19:59:32 [INFO ] o.s.s.c.ThreadPoolTaskExecutor - Shutting down ExecutorService 'applicationTaskExecutor'
